[    0.000000] Initializing cgroup subsys cpuset
[    0.000000] Initializing cgroup subsys cpu
[    0.000000] Initializing cgroup subsys cpuacct
[    0.000000] Linux version 4.4.0-116-generic (buildd@lgw01-amd64-021) (gcc version 5.4.0 20160609 (Ubuntu 5.4.0-6ubuntu1~16.04.9) ) #140-Ubuntu SMP Mon Feb 12 21:23:04 UTC 2018 (Ubuntu 4.4.0-116.140-generic 4.4.98)
[    0.000000] Command line: BOOT_IMAGE=/boot/vmlinuz-4.4.0-116-generic root=LABEL=cloudimg-rootfs ro console=tty1 console=ttyS0
[    0.000000] KERNEL supported cpus:
[    0.000000]   Intel GenuineIntel
[    0.000000]   AMD AuthenticAMD
[    0.000000]   Centaur CentaurHauls
[    0.000000] x86/fpu: xstate_offset[2]:  576, xstate_sizes[2]:  256
[    0.000000] x86/fpu: Supporting XSAVE feature 0x01: 'x87 floating point registers'
[    0.000000] x86/fpu: Supporting XSAVE feature 0x02: 'SSE registers'
[    0.000000] x86/fpu: Supporting XSAVE feature 0x04: 'AVX registers'
[    0.000000] x86/fpu: Enabled xstate features 0x7, context size is 832 bytes, using 'standard' format.
[    0.000000] x86/fpu: Using 'lazy' FPU context switches.
[    0.000000] e820: BIOS-povded physical RAM map:
[    0.000000] BIOS-e820: [mem 0x0000000000000000-0x000000000009fbff] usable
[    0.000000] BIOS-e820: [mem 0x000000000009fc00-0x000000000009ffff] reserved
[    0.000000] BIOS-e820: [mem 0x00000000000f0000-0x00000000000fffff] reserved
[    0.000000] BIOS-e820: [mem 0x0000000000100000-0x000000003ffeffff] usable
[    0.000000] BIOS-e820: [mem 0x000000003fff0000-0x000000003fffffff] ACPI data
[    0.000000] BIOS-e820: [mem 0x00000000fffc0000-0x00000000ffffffff] reserved
[    0.000000] NX (Execute Disable) protection: active
[    0.000000] SMBIOS 2.5 present.
[    0.000000] Hypervisor detected: KVM
[    0.000000] Kernel/User page tables isolation: disabled
[    0.000000] e820: last_pfn = 0x3fff0 max_arch_pfn = 0x400000000
[    0.000000] MTRR: Disabled
[    0.000000] x86/PAT: MTRRs disabled, skipping PAT initialization too.
[    0.000000] CPU MTRRs all blank - virtualized system.
[    0.000000] x86/PAT: Configuration [0-7]: WB  WT  UC- UC  WB  WT  UC- UC  
[    0.000000] found SMP MP-table at [mem 0x0009fff0-0x0009ffff] mapped at [ffff88000009fff0]
[    0.000000] Scanning 1 areas for low memory corruption
[    0.000000] RAMDISK: [mem 0x36ac2000-0x37558fff]
[    0.000000] ACPI: Early table checksum verification disabled
[    0.000000] ACPI: RSDP 0x00000000000E0000 000024 (v02 VBOX  )
[    0.000000] ACPI: XSDT 0x000000003FFF0030 00003C (v01 VBOX   VBOXXSDT 00000001 ASL  00000061)
[    0.000000] ACPI: FACP 0x000000003FFF00F0 0000F4 (v04 VBOX   VBOXFACP 00000001 ASL  00000061)
[    0.000000] ACPI: DSDT 0x000000003FFF0470 002118 (v01 VBOX   VBOXBIOS 00000002 INTL 20160108)
[    0.000000] ACPI: FACS 0x000000003FFF0200 000040
[    0.000000] ACPI: FACS 0x000000003FFF0200 000040
[    0.000000] ACPI: APIC 0x000000003FFF0240 00005C (v02 VBOX   VBOXAPIC 00000001 ASL  00000061)
[    0.000000] ACPI: SSDT 0x000000003FFF02A0 0001CC (v01 VBOX   VBOXCPUT 00000002 INTL 20160108)
[    0.000000] No NUMA configuration found
[    0.000000] Faking a node at [mem 0x0000000000000000-0x000000003ffeffff]
[    0.000000] NODE_DATA(0) allocated [mem 0x3ffeb000-0x3ffeffff]
[    0.000000] kvm-clock: Using msrs 4b564d01 and 4b564d00
[    0.000000] kvm-clock: cpu 0, msr 0:3ffe3001, primary cpu clock
[    0.000000] kvm-clock: using sched offset of 3882043065 cycles
[    0.000000] clocksource: kvm-clock: mask: 0xffffffffffffffff max_cycles: 0x1cd42e4dffb, max_idle_ns: 881590591483 ns
[    0.000000] Zone ranges:
[    0.000000]   DMA      [mem 0x0000000000001000-0x0000000000ffffff]
[    0.000000]   DMA32    [mem 0x0000000001000000-0x000000003ffeffff]
[    0.000000]   Normal   empty
[    0.000000]   Device   empty
[    0.000000] Movable zone start for each node
[    0.000000] Early memory node ranges
[    0.000000]   node   0: [mem 0x0000000000001000-0x000000000009efff]
[    0.000000]   node   0: [mem 0x0000000000100000-0x000000003ffeffff]
[    0.000000] Initmem setup node 0 [mem 0x0000000000001000-0x000000003ffeffff]
[    0.000000] ACPI: PM-Timer IO Port: 0x4008
[    0.000000] IOAPIC[0]: apic_id 2, version 17, address 0xfec00000, GSI 0-23
[    0.000000] ACPI: INT_SRC_OVR (bus 0 bus_irq 0 global_irq 2 dfl dfl)
[    0.000000] ACPI: INT_SRC_OVR (bus 0 bus_irq 9 global_irq 9 high level)
[    0.000000] Using ACPI (MADT) for SMP configuration information
[    0.000000] smpboot: Allowing 2 CPUs, 0 hotplug CPUs
[    0.000000] PM: Registered nosave memory: [mem 0x00000000-0x00000fff]
[    0.000000] PM: Registered nosave memory: [mem 0x0009f000-0x0009ffff]
[    0.000000] PM: Registered nosave memory: [mem 0x000a0000-0x000effff]
[    0.000000] PM: Registered nosave memory: [mem 0x000f0000-0x000fffff]
[    0.000000] e820: [mem 0x40000000-0xfffbffff] available for PCI devices
[    0.000000] Booting paravirtualized kernel on KVM
[    0.000000] clocksource: refined-jiffies: mask: 0xffffffff max_cycles: 0xffffffff, max_idle_ns: 7645519600211568 ns
[    0.000000] setup_percpu: NR_CPUS:512 nr_cpumask_bits:512 nr_cpu_ids:2 nr_node_ids:1
[    0.000000] PERCPU: Embedded 34 pages/cpu @ffff88003fc00000 s99544 r8192 d31528 u1048576
[    0.000000] PV qspinlock hash table entries: 256 (order: 0, 4096 bytes)
[    0.000000] Built 1 zonelists in Node order, mobility grouping on.  Total pages: 257913
[    0.000000] Policy zone: DMA32
[    0.000000] Kernel command line: BOOT_IMAGE=/boot/vmlinuz-4.4.0-116-generic root=LABEL=cloudimg-rootfs ro console=tty1 console=ttyS0
[    0.000000] PID hash table entries: 4096 (order: 3, 32768 bytes)
[    0.000000] Memory: 1001688K/1048120K available (8530K kernel code, 1309K rwdata, 3992K rodata, 1508K init, 1316K bss, 46432K reserved, 0K cma-reserved)
[    0.000000] SLUB: HWalign=64, Order=0-3, MinObjects=0, CPUs=2, Nodes=1
[    0.000000] Hierarchical RCU implementation.
[    0.000000] 	Build-time adjustment of leaf fanout to 64.
[    0.000000] 	RCU restricting CPUs from NR_CPUS=512 to nr_cpu_ids=2.
[    0.000000] RCU: Adjusting geometry for rcu_fanout_leaf=64, nr_cpu_ids=2
[    0.000000] NR_IRQS:33024 nr_irqs:440 16
[    0.000000] Console: colour VGA+ 80x25
[    0.000000] console [tty1] enabled
[    0.000000] console [ttyS0] enabled
[    0.000000] tsc: Detected 1995.554 MHz processor
[    0.000000] tsc: Marking TSC unstable due to TSCs unsynchronized
[    0.004000] Calibrating delay loop (skipped) preset value.. 3991.10 BogoMIPS (lpj=7982216)
[    0.004000] pid_max: default: 32768 minimum: 301
[    0.004000] ACPI: Core revision 20150930
[    0.004000] ACPI: 2 ACPI AML tables successfully acquired and loaded
[    0.004000] Security Framework initialized
[    0.004000] Yama: becoming mindful.
[    0.004000] AppArmor: AppArmor initialized
[    0.004000] Dentry cache hash table entries: 131072 (order: 8, 1048576 bytes)
[    0.004000] Inode-cache hash table entries: 65536 (order: 7, 524288 bytes)
[    0.004000] Mount-cache hash table entries: 2048 (order: 2, 16384 bytes)
[    0.004000] Mountpoint-cache hash table entries: 2048 (order: 2, 16384 bytes)
[    0.004424] Initializing cgroup subsys io
[    0.008042] Initializing cgroup subsys memory
[    0.011041] Initializing cgroup subsys devices
[    0.012036] Initializing cgroup subsys freezer
[    0.014866] Initializing cgroup subsys net_cls
[    0.016049] Initializing cgroup subsys perf_event
[    0.020040] Initializing cgroup subsys net_prio
[    0.024054] Initializing cgroup subsys hugetlb
[    0.028032] Initializing cgroup subsys pids
[    0.031023] FEATURE SPEC_CTRL Not Present
[    0.032022] FEATURE IBPB Not Present
[    0.036016] Disabling indirect branch predictor support
[    0.040032] CPU: Physical Processor ID: 0
[    0.044019] CPU: Processor Core ID: 0
[    0.048027] mce: CPU supports 0 MCE banks
[    0.052068] Last level iTLB entries: 4KB 512, 2MB 8, 4MB 4
[    0.056009] Last level dTLB entries: 4KB 512, 2MB 256, 4MB 128, 1GB 0
[    0.060025] Spectre V2 mitigation: Mitigation: Full AMD retpoline
[    0.064011] Spectre V2 mitigation: Speculation control IBPB not-supported IBRS not-supported
[    0.073626] Freeing SMP alternatives memory: 32K
[    0.100825] ftrace: allocating 32186 entries in 126 pages
[    0.128241] smpboot: APIC(0) Converting physical 0 to logical package 0
[    0.132036] smpboot: Max logical packages: 1
[    0.140770] ..TIMER: vector=0x30 apic1=0 pin1=2 apic2=-1 pin2=-1
[    0.148000] smpboot: CPU0: AMD A6-5200 APU with Radeon(TM) HD Graphics (family: 0x16, model: 0x0, stepping: 0x1)
[    0.149465] Performance Events: Broken PMU hardware detected, using software events only.
[    0.156023] Failed to access perfctr msr (MSR c0010007 is 0)
[    0.160122] KVM setup paravirtual spinlock
[    0.165573] x86: Booting SMP configuration:
[    0.168025] .... node  #0, CPUs:      #1
[    0.004000] kvm-clock: cpu 1, msr 0:3ffe3041, secondary cpu clock
[    0.004000] mce: CPU supports 0 MCE banks
[    0.184146] x86: Booted up 1 node, 2 CPUs
[    0.188036] smpboot: Total of 2 processors activated (7982.21 BogoMIPS)
[    0.201801] devtmpfs: initialized
[    0.212266] evm: security.selinux
[    0.214913] evm: security.SMACK64
[    0.216019] evm: security.SMACK64EXEC
[    0.220018] evm: security.SMACK64TRANSMUTE
[    0.224018] evm: security.SMACK64MMAP
[    0.226830] evm: security.ima
[    0.228019] evm: security.capability
[    0.242158] clocksource: jiffies: mask: 0xffffffff max_cycles: 0xffffffff, max_idle_ns: 7645041785100000 ns
[    0.244074] futex hash table entries: 512 (order: 3, 32768 bytes)
[    0.260184] pinctrl core: initialized pinctrl subsystem
[    0.264338] RTC time:  1:03:34, date: 03/03/18
[    0.268592] NET: Registered protocol family 16
[    0.284054] cpuidle: using governor ladder
[    0.296053] cpuidle: using governor menu
[    0.298792] PCCT header not found.
[    0.300709] ACPI: bus type PCI registered
[    0.304029] acpiphp: ACPI Hot Plug PCI Controller Driver version: 0.5
[    0.312332] PCI: Using configuration type 1 for base access
[    0.315913] PCI: Using configuration type 1 for extended access
[    0.336384] ACPI: Added _OSI(Module Device)
[    0.340026] ACPI: Added _OSI(Processor Device)
[    0.344022] ACPI: Added _OSI(3.0 _SCP Extensions)
[    0.348026] ACPI: Added _OSI(Processor Aggregator Device)
[    0.356627] ACPI: Executed 1 blocks of module-level executable AML code
[    0.365540] ACPI: Interpreter enabled
[    0.368060] ACPI: (supports S0 S5)
[    0.372025] ACPI: Using IOAPIC for interrupt routing
[    0.376516] PCI: Using host bridge windows from ACPI; if necessary, use "pci=nocrs" and report a bug
[    0.393176] ACPI: PCI Root Bridge [PCI0] (domain 0000 [bus 00-ff])
[    0.396041] acpi PNP0A03:00: _OSC: OS supports [ExtendedConfig ASPM ClockPM Segments MSI]
[    0.400050] acpi PNP0A03:00: _OSC failed (AE_NOT_FOUND); disabling ASPM
[    0.404658] PCI host bridge to bus 0000:00
[    0.408027] pci_bus 0000:00: root bus resource [io  0x0000-0x0cf7 window]
[    0.412036] pci_bus 0000:00: root bus resource [io  0x0d00-0xffff window]
[    0.416028] pci_bus 0000:00: root bus resource [mem 0x000a0000-0x000bffff window]
[    0.420027] pci_bus 0000:00: root bus resource [mem 0x40000000-0xffdfffff window]
[    0.424034] pci_bus 0000:00: root bus resource [bus 00-ff]
[    0.432000] pci 0000:00:01.1: legacy IDE quirk: reg 0x10: [io  0x01f0-0x01f7]
[    0.432030] pci 0000:00:01.1: legacy IDE quirk: reg 0x14: [io  0x03f6]
[    0.436023] pci 0000:00:01.1: legacy IDE quirk: reg 0x18: [io  0x0170-0x0177]
[    0.440022] pci 0000:00:01.1: legacy IDE quirk: reg 0x1c: [io  0x0376]
[    0.510356] ACPI: PCI Interrupt Link [LNKA] (IRQs 5 9 10 11) *0, disabled.
[    0.518307] ACPI: PCI Interrupt Link [LNKB] (IRQs 5 9 10 *11)
[    0.524300] ACPI: PCI Interrupt Link [LNKC] (IRQs 5 9 *10 11)
[    0.530273] ACPI: PCI Interrupt Link [LNKD] (IRQs 5 *9 10 11)
[    0.537164] ACPI: Enabled 2 GPEs in block 00 to 07
[    0.545789] vgaarb: setting as boot device: PCI:0000:00:02.0
[    0.548000] vgaarb: device added: PCI:0000:00:02.0,decodes=io+mem,owns=io+mem,locks=none
[    0.548019] vgaarb: loaded
[    0.552068] vgaarb: bridge control possible 0000:00:02.0
[    0.556925] SCSI subsystem initialized
[    0.568244] ACPI: bus type USB registered
[    0.572211] usbcore: registered new interface driver usbfs
[    0.576089] usbcore: registered new interface driver hub
[    0.586068] usbcore: registered new device driver usb
[    0.599239] PCI: Using ACPI for IRQ routing
[    0.599239] NetLabel: Initializing
[    0.600022] NetLabel:  domain hash size = 128
[    0.604021] NetLabel:  protocols = UNLABELED CIPSOv4
[    0.608071] NetLabel:  unlabeled traffic allowed by default
[    0.613743] amd_nb: Cannot enumerate AMD northbridges
[    0.629713] clocksource: Switched to clocksource kvm-clock
[    0.656351] AppArmor: AppArmor Filesystem Enabled
[    0.660254] pnp: PnP ACPI init
[    0.664949] pnp: PnP ACPI: found 3 devices
[    0.702147] clocksource: acpi_pm: mask: 0xffffff max_cycles: 0xffffff, max_idle_ns: 2085701024 ns
[    0.708845] NET: Registered protocol family 2
[    0.715307] TCP established hash table entries: 8192 (order: 4, 65536 bytes)
[    0.720324] TCP bind hash table entries: 8192 (order: 5, 131072 bytes)
[    0.724884] TCP: Hash tables configured (established 8192 bind 8192)
[    0.729446] UDP hash table entries: 512 (order: 2, 16384 bytes)
[    0.733645] UDP-Lite hash table entries: 512 (order: 2, 16384 bytes)
[    0.738269] NET: Registered protocol family 1
[    0.741651] pci 0000:00:00.0: Limiting direct PCI/PCI transfers
[    0.746213] pci 0000:00:01.0: Activating ISA DMA hang workarounds
[    0.752495] Unpacking initramfs...
[    5.113200] Freeing initrd memory: 10844K
[    5.118425] clocksource: tsc: mask: 0xffffffffffffffff max_cycles: 0x39878c5d426, max_idle_ns: 881590569838 ns
[    5.140207] platform rtc_cmos: registered platform RTC device (no PNP device found)
[    5.140292] Scanning for low memory corruption every 60 seconds
[    5.141236] audit: initializing netlink subsys (disabled)
[    5.141284] audit: type=2000 audit(1520039024.882:1): initialized
[    5.141936] Initialise system trusted keyring
[    5.142266] HugeTLB registered 2 MB page size, pre-allocated 0 pages
[    5.146349] zbud: loaded
[    5.146983] VFS: Disk quotas dquot_6.6.0
[    5.147074] VFS: Dquot-cache hash table entries: 512 (order 0, 4096 bytes)
[    5.147895] squashfs: version 4.0 (2009/01/31) Phillip Lougher
[    5.148849] fuse init (API version 7.23)
[    5.149220] Key type big_key registered
[    5.149264] Allocating IMA MOK and blacklist keyrings.
[    5.150221] Key type asymmetric registered
[    5.150236] Asymmetric key parser 'x509' registered
[    5.150378] Block layer SCSI generic (bsg) driver version 0.4 loaded (major 249)
[    5.150461] io scheduler noop registered
[    5.150465] io scheduler deadline registered (default)
[    5.150550] io scheduler cfq registered
[    5.150834] pci_hotplug: PCI Hot Plug PCI Core version: 0.5
[    5.150858] pciehp: PCI Express Hot Plug Controller Driver version: 0.4
[    5.151272] ACPI: AC Adapter [AC] (on-line)
[    5.151409] input: Power Button as /devices/LNXSYSTM:00/LNXPWRBN:00/input/input0
[    5.151415] ACPI: Power Button [PWRF]
[    5.151547] input: Sleep Button as /devices/LNXSYSTM:00/LNXSLPBN:00/input/input1
[    5.151550] ACPI: Sleep Button [SLPF]
[    5.152172] GHES: HEST is not enabled!
[    5.152451] Serial: 8250/16550 driver, 32 ports, IRQ sharing enabled
[    5.193813] 00:02: ttyS0 at I/O 0x3f8 (irq = 4, base_baud = 115200) is a 16550A
[    5.202412] Linux agpgart interface v0.103
[    5.226376] loop: module loaded
[    5.227926] scsi host0: ata_piix
[    5.228190] scsi host1: ata_piix
[    5.228280] ata1: PATA max UDMA/33 cmd 0x1f0 ctl 0x3f6 bmdma 0xd000 irq 14
[    5.228282] ata2: PATA max UDMA/33 cmd 0x170 ctl 0x376 bmdma 0xd008 irq 15
[    5.228480] libphy: Fixed MDIO Bus: probed
[    5.228484] tun: Universal TUN/TAP device driver, 1.6
[    5.228485] tun: (C) 1999-2004 Max Krasnyansky <maxk@qualcomm.com>
[    5.228607] PPP generic driver version 2.4.2
[    5.228767] ehci_hcd: USB 2.0 'Enhanced' Host Controller (EHCI) Driver
[    5.228778] ehci-pci: EHCI PCI platform driver
[    5.228829] ehci-platform: EHCI generic platform driver
[    5.228849] ohci_hcd: USB 1.1 'Open' Host Controller (OHCI) Driver
[    5.228857] ohci-pci: OHCI PCI platform driver
[    5.228891] ohci-platform: OHCI generic platform driver
[    5.228907] uhci_hcd: USB Universal Host Controller Interface driver
[    5.229071] i8042: PNP: PS/2 Controller [PNP0303:PS2K,PNP0f03:PS2M] at 0x60,0x64 irq 1,12
[    5.231185] ACPI: Battery Slot [BAT0] (battery present)
[    5.234045] serio: i8042 KBD port at 0x60,0x64 irq 1
[    5.234061] serio: i8042 AUX port at 0x60,0x64 irq 12
[    5.234400] mousedev: PS/2 mouse device common for all mice
[    5.235046] rtc_cmos rtc_cmos: rtc core: registered rtc_cmos as rtc0
[    5.235162] rtc_cmos rtc_cmos: alarms up to one day, 114 bytes nvram
[    5.235231] i2c /dev entries driver
[    5.235367] device-mapper: uevent: version 1.0.3
[    5.235493] device-mapper: ioctl: 4.34.0-ioctl (2015-10-28) initialised: dm-devel@redhat.com
[    5.235532] ledtrig-cpu: registered to indicate activity on CPUs
[    5.236190] NET: Registered protocol family 10
[    5.236530] NET: Registered protocol family 17
[    5.236552] Key type dns_resolver registered
[    5.237473] microcode: CPU0: patch_level=0x06000626
[    5.255119] microcode: CPU1: patch_level=0x06000626
[    5.255269] microcode: Microcode Update Driver: v2.01 <tigran@aivazian.fsnet.co.uk>, Peter Oruba
[    5.255672] registered taskstats version 1
[    5.255696] Loading compiled-in X.509 certificates
[    5.257237] Loaded X.509 cert 'Build time autogenerated kernel key: aa84f01984fbd529c105810b59e379d349698248'
[    5.257291] zswap: loaded using pool lzo/zbud
[    5.275592] Key type trusted registered
[    5.288278] Key type encrypted registered
[    5.288278] AppArmor: AppArmor sha1 policy hashing enabled
[    5.288278] ima: No TPM chip found, activating TPM-bypass!
[    5.288278] evm: HMAC attrs: 0x1
[    5.304253]   Magic number: 10:819:52
[    5.337005] rtc_cmos rtc_cmos: setting system clock to 2018-03-03 01:03:40 UTC (1520039020)
[    5.337409] BIOS EDD facility v0.16 2004-Jun-25, 0 devices found
[    5.337410] EDD information not available.
[    5.341648] input: AT Translated Set 2 keyboard as /devices/platform/i8042/serio0/input/input2
[    5.601651] Freeing unused kernel memory: 1508K
[    5.605100] Write protecting the kernel read-only data: 14336k
[    5.611373] Freeing unused kernel memory: 1700K
[    5.617941] Freeing unused kernel memory: 104K
Loading, please wait...
starting version 229
[    5.727164] random: systemd-udevd: uninitialized urandom read (16 bytes read, 2 bits of entropy available)
[    5.729386] random: udevadm: uninitialized urandom read (16 bytes read, 2 bits of entropy available)
[    5.729461] random: udevadm: uninitialized urandom read (16 bytes read, 2 bits of entropy available)
[    5.778591] random: systemd-udevd: uninitialized urandom read (16 bytes read, 2 bits of entropy available)
[    5.783549] random: udevadm: uninitialized urandom read (16 bytes read, 2 bits of entropy available)
[    5.783666] random: udevadm: uninitialized urandom read (16 bytes read, 2 bits of entropy available)
[    5.784172] random: udevadm: uninitialized urandom read (16 bytes read, 2 bits of entropy available)
[    5.784300] random: udevadm: uninitialized urandom read (16 bytes read, 2 bits of entropy available)
[    5.784426] random: udevadm: uninitialized urandom read (16 bytes read, 2 bits of entropy available)
[    5.784561] random: udevadm: uninitialized urandom read (16 bytes read, 2 bits of entropy available)
[    6.317580] Fusion MPT base driver 3.04.20
[    6.327234] Copyright (c) 1999-2008 LSI Corporation
[    6.444978] e1000: Intel(R) PRO/1000 Network Driver - version 7.3.21-k8-NAPI
[    6.450066] e1000: Copyright (c) 1999-2006 Intel Corporation.
[    6.614186] Fusion MPT SPI Host driver 3.04.20
[    6.693893] AVX version of gcm_enc/dec engaged.
[    6.725104] AES CTR mode by8 optimization enabled
[    7.000823] input: ImExPS/2 Generic Explorer Mouse as /devices/platform/i8042/serio1/input/input4
[    7.287427] e1000 0000:00:03.0 eth0: (PCI:33MHz:32-bit) 02:e1:a6:2d:7f:b0
[    7.420825] e1000 0000:00:03.0 eth0: Intel(R) PRO/1000 Network Connection
[    7.499530] mptbase: ioc0: Initiating bringup
[    7.764960] e1000 0000:00:03.0 enp0s3: renamed from eth0
[    7.832575] ioc0: LSI53C1030 A0: Capabilities={Initiator}
[    9.240711] floppy0: no floppy controllers found
[    9.247482] scsi host2: ioc0: LSI53C1030 A0, FwRev=00000000h, Ports=1, MaxQ=256, IRQ=20
[    9.358160] scsi 2:0:0:0: Direct-Access     VBOX     HARDDISK         1.0  PQ: 0 ANSI: 5
[    9.358177] scsi target2:0:0: Beginning Domain Validation
[    9.360378] scsi target2:0:0: Domain Validation skipping write tests
[    9.360381] scsi target2:0:0: Ending Domain Validation
[    9.360475] scsi target2:0:0: asynchronous
[    9.361330] scsi 2:0:1:0: Direct-Access     VBOX     HARDDISK         1.0  PQ: 0 ANSI: 5
[    9.361346] scsi target2:0:1: Beginning Domain Validation
[    9.363164] scsi target2:0:1: Domain Validation skipping write tests
[    9.363167] scsi target2:0:1: Ending Domain Validation
[    9.363257] scsi target2:0:1: asynchronous
[    9.375073] sd 2:0:0:0: [sda] 20971520 512-byte logical blocks: (10.7 GB/10.0 GiB)
[    9.375073] sd 2:0:0:0: [sda] Write Protect is off
[    9.375073] sd 2:0:0:0: [sda] Incomplete mode parameter data
[    9.375073] sd 2:0:0:0: [sda] Assuming drive cache: write through
[    9.395199] sd 2:0:0:0: Attached scsi generic sg0 type 0
[    9.396231] sd 2:0:1:0: [sdb] 20480 512-byte logical blocks: (10.5 MB/10.0 MiB)
[    9.396508] sd 2:0:1:0: [sdb] Write Protect is off
[    9.396544] sd 2:0:1:0: [sdb] Incomplete mode parameter data
[    9.396544] sd 2:0:1:0: [sdb] Assuming drive cache: write through
[    9.396544] sd 2:0:1:0: Attached scsi generic sg1 type 0
[    9.403067]  sda: sda1
[    9.404396] sd 2:0:0:0: [sda] Attached SCSI disk
[    9.434883] sd 2:0:1:0: [sdb] Attached SCSI disk
Begin: Loading essential drivers ... [   12.909145] md: linear personality registered for level -1
[   12.949732] md: multipath personality registered for level -4
[   12.976052] md: raid0 personality registered for level 0
[   13.035443] md: raid1 personality registered for level 1
[   13.164307] raid6: sse2x1   gen()   353 MB/s
[   13.236190] raid6: sse2x1   xor()  1382 MB/s
[   13.308358] raid6: sse2x2   gen()  1137 MB/s
[   13.380265] raid6: sse2x2   xor()  1401 MB/s
[   13.450132] raid6: sse2x4   gen()   881 MB/s
[   13.520295] raid6: sse2x4   xor()  1747 MB/s
[   13.530632] raid6: using algorithm sse2x2 gen() 1137 MB/s
[   13.536292] raid6: .... xor() 1401 MB/s, rmw enabled
[   13.546815] raid6: using ssse3x2 recovery algorithm
[   13.561108] xor: automatically using best checksumming function:
[   13.608921]    avx       :  4753.000 MB/sec
[   13.623698] async_tx: api initialized (async)
[   13.710341] md: raid6 personality registered for level 6
[   13.714234] md: raid5 personality registered for level 5
[   13.718139] md: raid4 personality registered for level 4
[   13.806041] md: raid10 personality registered for level 10
done.
Begin: Running /scripts/init-premount ... done.
Begin: Mounting root file system ... Begin: Running /scripts/local-top ... done.
Begin: Running /scripts/local-premount ... [   14.083005] Btrfs loaded
Scanning for Btrfs filesystems
done.
Warning: fsck not present, so sk[   14.472396] EXT4-fs (sda1): mounted filesystem with ordered data mode. Opts: (null)
ipping root file system
done.
Begin: Running /scripts/local-bottom ... done.
Begin: Running /scripts/init-bottom ... done.
[   15.507907] random: nonblocking pool is initialized
[   15.704478] systemd[1]: systemd 229 running in system mode. (+PAM +AUDIT +SELINUX +IMA +APPARMOR +SMACK +SYSVINIT +UTMP +LIBCRYPTSETUP +GCRYPT +GNUTLS +ACL +XZ -LZ4 +SECCOMP +BLKID +ELFUTILS +KMOD -IDN)
[   15.951552] systemd[1]: Detected virtualization oracle.
[   16.031402] systemd[1]: Detected architecture x86-64.

Welcome to [1mUbuntu 16.04.4 LTS[0m!

[   161982syem[1 S hstname to <uunu>.
[ 1634678]syem[1]:Intializig che  fm nd gneto
[   17.803655] systemd[1]: Installed transient /etc/machine-id file.
[ 19.560822] systemd[1]: Reached target Encrypted Volumes.
[[0;32m  OK  [0m] Reached target Encrypted Volumes.
[   19.562875] systemd[1]: Created slice System Slice.
[[0;32m  OK  [0m] Created slice System Slice.
[   19.562875] systemd[1]: Listening on LVM2 poll daemon socket.
[[0;32m  OK  [0m] Listening on LVM2 poll daemon socket.
[   19.562875] systemd[1]: Listening on LVM2 metadata daemon socket.
[[0;32m  OK  [0m] Listening on LVM2 metadata daemon socket.
[   19.562875] systemd[1]: Listening on Journal Audit Socket.
[[0;32m  OK  [0m] Listening on Journal Audit Socket.
[   19.562875] systemd[1]: Listening on udev Control Socket.
[[0;32m  OK  [0m] Listening on udev Control Socket.
[   19.562875] systemd[1]: Listening on udev Kernel Socket.
[[0;32m  OK  [0m] Listening on udev Kernel Socket.
[   19.562875] systemd[1]: Listening on Device-mapper event daemon FIFOs.
[[0;32m  OK  [0m] Listening on Device-mapper event daemon FIFOs.
[   19.562875] systemd[1]: Reached target User and Group Name Lookups.
[[0;32m  OK  [0m] Reached target User and Group Name Lookups.
[   19.562875] systemd[1]: Started Forward Password Requests to Wall Directory Watch.
[[0;32m  OK  [0m] Started Forward Password Requests to Wall Directory Watch.
[   19.562875] systemd[1]: Set up automount Arbitrary Executable File Formats File System Automount Point.
[[0;32m  OK  [0m] Set up automount Arbitrary Executab...ats File System Automount Point.
[   19.562875] systemd[1]: Created slice User and Session Slice.
[[0;32m  OK  [0m] Created slice User and Session Slice.
[   19.562875] systemd[1]: Reached target Swap.
[[0;32m  OK  [0m] Reached target Swap.
[   19.562875] systemd[1]: Listening on /dev/initctl Compatibility Named Pipe.
[[0;32m  OK  [0m] Listening on /dev/initctl Compatibility Named Pipe.
[   19.562875] systemd[1]: Reached target Slices.
[[0;32m  OK  [0m] Reached target Slices.
[   19.562875] systemd[1]: Listening on Journal Socket (/dev/log).
[[0;32m  OK  [0m] Listening on Journal Socket (/dev/log).
[   19.562875] systemd[1]: Listening on Journal Socket.
[[0;32m  OK  [0m]  Listening on Journal Socket.
[   19.837039] systemd[1]: Starting Monitoring of LVM2 mirrors, snapshots etc. using dmeventd or progress polling...
         Starting Monitoring of LVM2 mirrors... dmeventd or progress polling...
[   19.865617] systemd[1]: Starting Remount Root and Kernel File Systems...
         Starting Remount Root and Kernel[   20.002822] EXT4-fs (sda1): re-mounted. Opts: (null)
 File Systems...
[   20.131203] systemd[1]: Mounting Huge Pages File System...
         Mounting Huge Pages File System...
[   20.205886] systemd[1]: Starting Create list of required static device nodes for the current kernel...
         Starting Create list of required st... nodes for the current kernel...
[   20.225646] systemd[1]: Starting Set console keymap...
         Starting Set console keymap...
[   20.239772] systemd[1]: Listening on Syslog Socket.
[[0;32m  OK  [0m] Listening on Syslog Socket.
[   20.253157] systemd[1]: Starting Journal Service...
         Starting Journal Service...
[   20.458757] systemd[1]: Mounting Debug File System...
         Mounting Debug File System...
[   20.580378] systemd[1]: Starting Nameserver information manager...
         Starting Nameserver information manager...
[   20.828879] systemd[1]: Mounting POSIX Message Queue File System...
         Mounting POSIX Message Queue File System...
[   21.032242] systemd[1]: Starting Uncomplicated firewall...
         Starting Uncomplicated firewall...
[   21.120446] systemd[1]: Created slice system-serial\x2dgetty.slice.
[[0;32m  OK  [0m] Created slice system-serial\x2dgetty.slice.
[   21.358741] systemd[1]: Starting Load Kernel Modules...
         Starting Load Kernel Modules...[   21.482484] Loading iSCSI transport class v2.0-870.

[   21.584376] systemd[1]: Started Trigger resolvconf update for networkd DNS.
[[0;32m  OK  [0m] Started Trigger resolvconf update for networkd DNS.
[   21.723382] iscsi: registered transport (tcp)
[   21.859480] systemd[1]: Mounted Huge Pages File System.
[[0;32m  OK  [0m] Mounted Huge Pages File System.
[   21.914264] systemd[1]: Mounted POSIX Message Queue File System.
[[0;32m  OK  [0m] Mounted POSIX Message Queue File System.
[   22.210581] systemd[1]: Mounted Debug File System.
[[0;32m  OK  [0m] Mounted Debug File System.
[   22.232967] systemd[1]: Started Journal Service.
[[0;32m  OK  [0m] Started Journal Service.
[[0;32m  OK  [0m] Started Remount Root and Kernel File Systems.
[[0;32m  OK  [0m] Started Create l[   22.312624] iscsi: registered transport (iser)
ist of required sta...ce nodes for the current kernel.
[[0;32m  OK  [0m] Started Set console keymap.
[[0;32m  OK  [0m] Started Uncomplicated firewall.
[[0;32m  OK  [0m] Started Load Kernel Modules.
[[0;32m  OK  [0m] Started Nameserver information manager.
[[0;32m  OK  [0m] Started LVM2 metadata daemon.
         Mounting FUSE Control File System...
         Starting Apply Kernel Variables...
         Starting Create Static Device Nodes in /dev...
         Starting Initial cloud-init job (pre-networking)...
         Starting Load/Save Random Seed...
         Starting udev Coldplug all Devices...
         Starting Flush Journal to Persistent Storage...
[[0;32m  OK  [0m] Mounted FUSE Control File System.
[[0;32m  OK  [0m] Started Apply Kernel Variables.
[[0;32m  OK  [0m] Started Create Static Device Nodes in /dev.
[[0;32m  OK  [0m] Started Load/Save Random Seed.
[[0;32m  OK  [0m] Started Monitoring of LVM2 mirrors,...ng dmeventd or progress polling.
[[0;32m  OK  [0m] Started udev Coldplug all Devices.
[[0;32m  OK  [0m] Started Flush Journal to Persistent Storage.
         Starting udev Kernel Device Manager...
[[0;32m  OK  [0m] Started udev Kernel Device Manager.
[[0;32m  OK  [0m] Reached target Local File Systems (Pre).
[[0;32m  OK  [0m] Reached target Local File Systems.
         Starting Set console font and keymap...
         Starting Tell Plymouth To Write Out Runtime Data...
         Starting Commit a transient machine-id on disk...
         Starting LSB: AppArmor initialization...
         Starting Create Volatile Files and Directories...
[[0;32m  OK  [0m] Started Dispatch Password Requests to Console Directory Watch.
[[0;32m  OK  [0m] Started Tell Plymouth To Write Out Runtime Data.
[[0;32m  OK  [0m] Started Commit a transient machine-id on disk.
[[0;32m  OK  [0m] Started Create Volatile Files and Directories.
         Starting Update UTMP about System Boot/Shutdown...
[[0;32m  OK  [0m] Reached target System Time Synchronized.
[[0;32m  OK  [0m] Started Update UTMP about System Boot/Shutdown.
[[0;32m  OK  [0m] Found device /dev/ttyS0.
[[0;32m  OK  [0m] Listening on Load/Save RF Kill Switch Status /dev/rfkill Watch.
[[0;32m  OK  [0m] Started LSB: AppArmor initialization.
[   35.221749] cloud-init[453]: Cloud-init v. 17.1 running 'init-local' at Sat, 03 Mar 2018 01:04:07 +0000. Up 32.47 seconds.
[[0;32m  OK  [0m] Started Initial cloud-init job (pre-networking).
[[0;32m  OK  [0m] Reached target Network (Pre).
         Starting Raise network interfaces...
[[0;32m  OK  [0m] Started Set console font and keymap.
[[0;32m  OK  [0m] Created slice system-getty.slice.
[[0;32m  OK  [0m] Started Raise network interfaces.
[[0;32m  OK  [0m] Reached target Network.
         Starting Initial cloud-init job (metadata service crawler)...
[   42.785298] cloud-init[963]: Cloud-init v. 17.1 running 'init' at Sat, 03 Mar 2018 01:04:14 +0000. Up 38.90 seconds.
[   43.003297] cloud-init[963]: ci-info: +++++++++++++++++++++++++++++++++++++Net device info++++++++++++++++++++++++++++++++++++++
[   43.165155] cloud-init[963]: ci-info: +--------+------+----------------------------+---------------+-------+-------------------+
[   43.177927] cloud-init[[0;32m  OK  [0m] Started Initial cloud-init job (metadata service crawler).
[963]: ci-info: | Device |  Up  |          Address           |      Mask     | Scope |     Hw-Address    |[[0;32m  OK  [0m] Reached target System Initialization.
[[0;32m  OK  [0m] Started Timer to automatically refresh installed snaps.
         Starting Socket activation for snappy daemon.
[[0;32m  OK  [0m] Started Daily Cleanup of Temporary Directories.

[   43.201313] cloud-init[963]: ci-info: +--------+------+----------------------------+---------------+-------+-------------------+
[   43.235198] cloud-init[963]: ci-info: | enp0s3 | True |         10.0.2.15          | 255.255.255.0 |   .   | 02:e1:a6:2d:7f:b0 |
[   43.278262] cloud-init[963]: ci-info: | enp0s3 | True | fe80::e1:a6ff:fe2d:7fb0/64 |       .       |  link | 02:e1:a6:2d:7f:b0 |
[   43.305013] cloud-init[963]: ci-info: |   lo   | True |         127.0.0.1          |   255.0.0.0   |   .   |         .         |
[   43.331654] cloud-init[963]: ci-info: |   lo   | True |          ::1/128           |       .       |  host |         .         |
[   43.363730] cloud-init[963]: ci-info: +--------+------+----------------------------+---------------+-------+-------------------+
[   43.395149] cloud-init[963]: ci-info: +++++++++++++++++++++++++++Route IPv4 info++++++++++++++++++++++++++++
[   43.419729] cloud-init[963]: ci-info: +-------+-------------+----------+---------------+-----------+-------+
[   43.515275] cloud-init[963]: ci-info: | Route | Destination | Gateway  |    Genmask    | Interface | Flags |
[   43.592263] cloud-init[963]: ci-info: +-------+-------------+----------+---------------+-----------+-------+
[   43.683634] cloud-init[963]: ci-info: |   0   |   0.0.0.0   | 10.0.2.2 |    0.0.0.0    |   enp0s3  |   UG  |
[   43.768564] cloud-init[963]: ci-info: |   1   |   10.0.2.0  | 0.0.0.0  | 255.255.255.0 |   enp0s3  |   U   |
[[0;32m  OK  [0m] Started ACPI Events Check.
[[0;32m  OK  [0m] Reached target Paths.
[[0;32m  OK  [0m] Listening on D-Bus System Message Bus Socket.
[[0;32m  OK  [0m] Listening on UUID daemon activation socket.
[   43.904147] cloud-init[963]: ci-info: +-------+-------------+----------+---------------+-----------+-------+
[   44.296441] cloud-init[963]: Generating public/private rsa key pair.
[   44.356849] cloud-init[963]: Your identification has been saved in /etc/ssh/ssh_host_rsa_key.
[   44.441755] cloud-init[963]: Your public key has been saved in /etc/ssh/ssh_host_rsa_key.pub.
[   44.561019] cloud-init[963]: The key fingerprint is:
[   44.632875] cloud-init[963]: SHA256:kw8U+OMmlArScMh1FyQANvv8/efqDUBsD8JZT5RVqgY root@ubuntu-xenial
[   44.639879] cloud-init[963]: The key's randomart image is:
[   44.640023] cloud-init[963]: +---[RSA 2048]----+
[   44.640140] cloud-init[963]: |.=oo.o.*+oo...   |
[   44.640252] cloud-init[963]: |+.+ o B oo  .    |
[   44.640361] cloud-init[963]: | =   + E.. .     |
[   44.640471] cloud-init[963]: |. =   *.*..      |
[   44.640615] cloud-init[963]: | . + o oS=       |
[   44.640723] cloud-init[963]: |    o o =+       |
[   44.640828] cloud-init[963]: |     . + ..      |
[   44.640964] cloud-init[963]: |        . o.     |
[   44.641085] cloud-init[963]: |        .++o     |
[   44.641190] cloud-init[963]: +----[SHA256]-----+
[   44.641294] cloud-init[963]: Generating public/private dsa key pair.
[   44.641402] cloud-init[963]: Your identification has been saved in /etc/ssh/ssh_host_dsa_key.
[   44.641506] cloud-init[963]: Your public key has been saved in /etc/ssh/ssh_host_dsa_key.pub.
[   44.641613] cloud-init[963]: The key fingerprint is:
[   44.641759] cloud-init[963]: SHA256:wE/wF/9OOtjfUIi4Tg9zqD65fbmieZ8j8dYrdXFJL2I root@ubuntu-xenial
[   44.641869] cloud-init[963]: The key's randomart image is:
[   44.641989] cloud-init[963]: +---[DSA 1024]----+
[   44.642094] cloud-init[963]: |      .   .      |
[   44.642202] cloud-init[963]: |     . o   o   . |
[   44.642307] cloud-init[963]: |      o o . . . o|
[   44.642411] cloud-init[963]: |       + . .Eo.+o|
[   44.642520] cloud-init[963]: |        S ....+.+|
[   44.642625] cloud-init[963]: |          .= +...|
[   44.642731] cloud-init[963]: |         .Bo=+o. |
[   44.642840] cloud-init[963]: |        o*+=B+.o |
[   44.642945] cloud-init[963]: |       .*=o*=+o..|
[   44.643119] cloud-init[963]: +----[SHA256]-----+
[   44.643224] cloud-init[963]: Generating public/private ecdsa key pair.
[   44.643381] cloud-init[963]: Your identification has been saved in /etc/ssh/ssh_host_ecdsa_key.
[   44.643545] cloud-init[963]: Your public key has been saved in /etc/ssh/ssh_host_ecdsa_key.pub.
[   44.643653] cloud-init[963]: The key fingerprint is:
[   44.643756] cloud-init[963]: SHA256:H7o+ybQZYtRso66qNv1VLwM9Lh4CQEnwWnZ0qXqRVAA root@ubuntu-xenial
[   44.643864] cloud-init[963]: The key's randomart image is:
[   44.643967] cloud-init[963]: +---[ECDSA 256]---+
[   44.644077] cloud-init[963]: |+oE.ooo.         |
[   44.644197] cloud-init[963]: |.o ....          |
[   44.644304] cloud-init[963]: | .+..o o         |
[   44.644414] cloud-init[963]: | +..+ . *        |
[   44.644538] cloud-init[963]: |.  o o +S=.      |
[   44.644647] cloud-init[963]: |  . o + *oo.     |
         Starting LXD - unix socket.
[[0;32m  OK  [0m] Listening on ACPID Listen Socket.
[[0;32m  OK  [0m] Started Daily apt download activities.
[[0;32m  OK  [0m] Started Daily apt upgrade and clean activities.
[[0;32m  OK  [0m] Reached target Timers.
[[0;32m  OK  [0m] Reached target Network is Online.
[   44.645249] cloud-init[963]: |  .. + B.O..     |
[   48.290868] cloud-init[963]: | o .  = O.o      |
[   48.294283] cloud-init[963]: |o.o.oo oo.       |
[   48.297848] cloud-init[963]: +----[SHA256]-----+
[   48.298443] cloud-init[963]: Generating public/private ed25519 key pair.
[   48.302849] cloud-init[963]: Your identification has been saved in /etc/ssh/ssh_host_ed25519_key.
[   48.304050] cloud-init[963]: Your public key has been saved in /etc/ssh/ssh_host_ed25519_key.pub.
[   48.306669] cloud-init[963]: The key fingerprint is:
[   48.307816] cloud-init[963]: SHA256:6ka776YAs8QYZi8NQ4x1LEpcTmk+V9okMNCNLCNqzoc root@ubuntu-xenial
[   48.317926] cloud-init[963]: The key's randomart image is:
[   48.318991] cloud-init[963]: +--[ED25519 256]--+
[   48.319597] cloud-init[963]: |++***            |
[   48.320937] cloud-init[963]: |+*+Boo o         |
[   48.321559] cloud-init[963]: |=*=o  *          |
[   48.329929] cloud-init[963]: |===o o .         |
[   48.331019] cloud-init[963]: |=.*oo   S        |
[   48.333073] cloud-init[963]: | E.=  ..         |
[   48.334308] cloud-init[963]: |  o ....         |
[   48.341326] cloud-init[963]: |     oo .        |
[   48.343037] cloud-init[963]: |     .+*o        |
[   48.347643] cloud-init[963]: +----[SHA256]-----+
         Starting iSCSI initiator daemon (iscsid)...
[[0;32m  OK  [0m] Reached target Cloud-config availability.
[[0;32m  OK  [0m] Listening on Socket activation for snappy daemon.
[[0;32m  OK  [0m] Listening on LXD - unix socket.
[[0;32m  OK  [0m] Reached target Sockets.
[[0;32m  OK  [0m] Reached target Basic System.
         Starting LSB: MD monitoring daemon...
[[0;32m  OK  [0m] Started ACPI event daemon.
         Starting Accounts Service...
[[0;32m  OK  [0m] Started Unattended Upgrades Shutdown.
         Starting LSB: Record successful boot for GRUB...
[[0;32m  OK  [0m] Started FUSE filesystem for LXC.
         Starting System Logging Service...
         Starting Pollinate to seed the pseudo random number generator...
         Starting Login Service...
         Starting Snappy daemon...
         Starting Apply the settings specified in cloud-config...
[[0;32m  OK  [0m] Started D-Bus System Message Bus.
[[0;32m  OK  [0m] Started Regular background program processing daemon.
         Starting /etc/rc.local Compatibility...
         Starting LXD - container startup/shutdown...
[[0;32m  OK  [0m] Started Deferred execution scheduler.
[[0;32m  OK  [0m] Started System Logging Service.
[[0;32m  OK  [0m] Started /etc/rc.local Compatibility.
[[0;32m  OK  [0m] Started iSCSI initiator daemon (iscsid).
[[0;32m  OK  [0m] Started LSB: MD monitoring daemon.
[[0;32m  OK  [0m] Started LSB: Record successful boot for GRUB.
[[0;32m  OK  [0m] Started Login Service.
         Starting Authenticate and Authorize Users to Run Privileged Tasks...
         Starting Login to default iSCSI targets...
[[0;32m  OK  [0m] Started Authenticate and Authorize Users to Run Privileged Tasks.
[[0;32m  OK  [0m] Started Snappy daemon.
[[0;32m  OK  [0m] Started Login to default iSCSI targets.
[[0;32m  OK  [0m] Started LXD - container startup/shutdown.
[[0;32m  OK  [0m] Started Accounts Service.
[[0;32m  OK  [0m] Started Pollinate to seed the pseudo random number generator.
         Starting OpenBSD Secure Shell server...
[[0;32m  OK  [0m] Reached target Remote File Systems (Pre).
[[0;32m  OK  [0m] Reached target Remote File Systems.
         Starting Permit User Sessions...
         Starting LSB: Set the CPU Frequency Scaling governor to "ondemand"...
         Starting LSB: daemon to balance interrupts for SMP systems...
         Starting LSB: automatic crash report generation...
         Starting LSB: VirtualBox Linux Additions...
[[0;32m  OK  [0m] Started OpenBSD Secure Shell server.
[[0;32m  OK  [0m] Started Permit User Sessions.
         Starting Hold until boot process finishes up...
         Starting Terminate Plymouth Boot Screen...
[[0;32m  OK  [0m] Started LSB: Set the CPU Frequency Scaling governor to "ondemand".
[[0;32m  OK  [0m] Started Hold until boot process finishes up.
[[0;32m  OK  [0m] Started Terminate Plymouth Boot Screen.
[[0;32m  OK  [0m] Started LSB: automatic crash report generation.
[[0;32m  OK  [0m] Started Getty on tty1.
         Starting Set console scheme...
[[0;32m  OK  [0m] Started Serial Getty on ttyS0.
[[0;32m  OK  [0m] Reached target Login Prompts.
[[0;32m  OK  [0m] Started LSB: daemon to balance interrupts for SMP systems.
[[0;32m  OK  [0m] Started Set console scheme.
[   55.339330] cloud-init[1097]: Generating locales (this might take a while)...
[[0;32m  OK  [0m] Created slice User Slice of vagrant.
[[0;32m  OK  [0m] Started LSB: VirtualBox Linux Additions.
         Starting User Manager for UID 1000...
[[0;32m  OK  [0m] Reached target Multi-User System.
[[0;32m  OK  [0m] Reached target Graphical Interface.
         Starting Update UTMP about System Runlevel Changes...
[[0;32m  OK  [0m] Started User Manager for UID 1000.
[[0;32m  OK  [0m] Started Update UTMP about System Runlevel Changes.
[[0;32m  OK  [0m] Started Session 1 of user vagrant.
[   60.742498] cloud-init[1097]:   en_US.UTF-8... done
[   60.756314] cloud-init[1097]: Generation complete.

Ubuntu 16.04.4 LTS ubuntu-xenial ttyS0

ubuntu-xenial login: [   64.190159] cloud-init[1097]: Cloud-init v. 17.1 running 'modules:config' at Sat, 03 Mar 2018 01:04:28 +0000. Up 53.09 seconds.
ci-info: no authorized ssh keys fingerprints found for user ubuntu.
<14>Mar  3 01:04:43 ec2: 
<14>Mar  3 01:04:43 ec2: #############################################################
<14>Mar  3 01:04:43 ec2: -----BEGIN SSH HOST KEY FINGERPRINTS-----
<14>Mar  3 01:04:43 ec2: 1024 SHA256:wE/wF/9OOtjfUIi4Tg9zqD65fbmieZ8j8dYrdXFJL2I root@ubuntu-xenial (DSA)
<14>Mar  3 01:04:43 ec2: 256 SHA256:H7o+ybQZYtRso66qNv1VLwM9Lh4CQEnwWnZ0qXqRVAA root@ubuntu-xenial (ECDSA)
<14>Mar  3 01:04:43 ec2: 256 SHA256:6ka776YAs8QYZi8NQ4x1LEpcTmk+V9okMNCNLCNqzoc root@ubuntu-xenial (ED25519)
<14>Mar  3 01:04:43 ec2: 2048 SHA256:kw8U+OMmlArScMh1FyQANvv8/efqDUBsD8JZT5RVqgY root@ubuntu-xenial (RSA)
<14>Mar  3 01:04:43 ec2: -----END SSH HOST KEY FINGERPRINTS-----
<14>Mar  3 01:04:43 ec2: #############################################################
-----BEGIN SSH HOST KEY KEYS-----
ecdsa-sha2-nistp256 AAAAE2VjZHNhLXNoYTItbmlzdHAyNTYAAAAIbmlzdHAyNTYAAABBBEpryVDfC6zHeRXpO92FvcPCyL9rrU0yzZ/KZ1kyysT9rEw9UvFtt/3kXJHBcPTtmMquLWbeKdJv/Qe0d7EmMR8= root@ubuntu-xenial
ssh-ed25519 AAAAC3NzaC1lZDI1NTE5AAAAINRLlJa6INX+0G7HakIZeAykZ6+hPCT318FMIOFwYOXf root@ubuntu-xenial
ssh-rsa AAAAB3NzaC1yc2EAAAADAQABAAABAQChOqwEXYzEPEIEYJPrkxvrpf/+E2dPsLQN9M7jwCxany0ZVod2/8wdB0ll3LjQ5pJjuiMTJUjK8oxAyyhEUm9zuadHL7tsdu3wqEXh7aCBJYTg2ftYkjwEc/W/QXw2fQeEW2vj0iXAz/CG82nKb8c8t4Q1IWlmuKP6fmwMbfoRZJhokmIfVFdUb+CkHYpwTJxmD5dZKAuHbCAK91ftRChJPzlEWX2QPrnAJcq9PquWu8R2hx0Srx6h88UtyqSjnmGGFjypbpFjXctHk+Jb33bCWCdLcgiLh6dlMSJunRlngpL9hx/XcZDC2WASDZ+OUWcEOxDEdL6jBvaYnWm7+1EX root@ubuntu-xenial
-----END SSH HOST KEY KEYS-----
[   68.050813] cloud-init[1477]: Cloud-init v. 17.1 running 'modules:final' at Sat, 03 Mar 2018 01:04:41 +0000. Up 66.79 seconds.
[   68.086128] cloud-init[1477]: ci-info: no authorized ssh keys fingerprints found for user ubuntu.
[   68.101865] cloud-init[1477]: Cloud-init v. 17.1 finished at Sat, 03 Mar 2018 01:04:43 +0000. Datasource DataSourceNoCloud [seed=/dev/sdb][dsmode=net].  Up 67.98 seconds
